FATAL [Thread-8] 2014-11-12 08:48:40,449 repast.simphony.ui.GUIScheduleRunner - RunTimeException when running the schedule
Current tick (1.0)
java.lang.NullPointerException: Cannot invoke method Remaining hosts() on null object
	at org.codehaus.groovy.runtime.NullObject.invokeMethod(NullObject.java:77)
	at org.codehaus.groovy.runtime.InvokerHelper.invokePogoMethod(InvokerHelper.java:854)
	at org.codehaus.groovy.runtime.InvokerHelper.invokeMethod(InvokerHelper.java:831)
	at org.codehaus.groovy.runtime.ScriptBytecodeAdapter.invokeMethodN(ScriptBytecodeAdapter.java:164)
	at org.codehaus.groovy.runtime.ScriptBytecodeAdapter.invokeMethod0(ScriptBytecodeAdapter.java:185)
	at repast.simphony.relogo.factories.ReLogoGlobalsAndPanelComponentsFactory$_createMonitor_closure5.doCall(ReLogoGlobalsAndPanelComponentsFactory.groovy:126)
	at sun.reflect.NativeMethodAccessorImpl.invoke0(Native Method)
	at sun.reflect.NativeMethodAccessorImpl.invoke(Unknown Source)
	at sun.reflect.DelegatingMethodAccessorImpl.invoke(Unknown Source)
	at java.lang.reflect.Method.invoke(Unknown Source)
	at org.codehaus.groovy.reflection.CachedMethod.invoke(CachedMethod.java:90)
	at groovy.lang.MetaMethod.doMethodInvoke(MetaMethod.java:233)
	at org.codehaus.groovy.runtime.metaclass.ClosureMetaClass.invokeMethod(ClosureMetaClass.java:272)
	at groovy.lang.MetaClassImpl.invokeMethod(MetaClassImpl.java:909)
	at groovy.lang.Closure.call(Closure.java:411)
	at org.codehaus.groovy.runtime.ConvertedMap.invokeCustom(ConvertedMap.java:50)
	at org.codehaus.groovy.runtime.ConversionHandler.invoke(ConversionHandler.java:81)
	at com.sun.proxy.$Proxy9.execute(Unknown Source)
	at repast.simphony.engine.schedule.DefaultAction.execute(DefaultAction.java:38)
	at repast.simphony.engine.schedule.ScheduleGroup.executeList(ScheduleGroup.java:206)
	at repast.simphony.engine.schedule.ScheduleGroup.execute(ScheduleGroup.java:231)
	at repast.simphony.engine.schedule.Schedule.execute(Schedule.java:352)
	at repast.simphony.ui.GUIScheduleRunner$ScheduleLoopRunnable.run(GUIScheduleRunner.java:52)
	at java.lang.Thread.run(Unknown Source)
FATAL [Thread-8] 2014-11-13 09:31:38,859 repast.simphony.ui.GUIScheduleRunner - RunTimeException when running the schedule
Current tick (1.0)
java.lang.NullPointerException: Cannot invoke method Remaining hosts() on null object
	at org.codehaus.groovy.runtime.NullObject.invokeMethod(NullObject.java:77)
	at org.codehaus.groovy.runtime.InvokerHelper.invokePogoMethod(InvokerHelper.java:854)
	at org.codehaus.groovy.runtime.InvokerHelper.invokeMethod(InvokerHelper.java:831)
	at org.codehaus.groovy.runtime.ScriptBytecodeAdapter.invokeMethodN(ScriptBytecodeAdapter.java:164)
	at org.codehaus.groovy.runtime.ScriptBytecodeAdapter.invokeMethod0(ScriptBytecodeAdapter.java:185)
	at repast.simphony.relogo.factories.ReLogoGlobalsAndPanelComponentsFactory$_createMonitor_closure5.doCall(ReLogoGlobalsAndPanelComponentsFactory.groovy:126)
	at sun.reflect.NativeMethodAccessorImpl.invoke0(Native Method)
	at sun.reflect.NativeMethodAccessorImpl.invoke(Unknown Source)
	at sun.reflect.DelegatingMethodAccessorImpl.invoke(Unknown Source)
	at java.lang.reflect.Method.invoke(Unknown Source)
	at org.codehaus.groovy.reflection.CachedMethod.invoke(CachedMethod.java:90)
	at groovy.lang.MetaMethod.doMethodInvoke(MetaMethod.java:233)
	at org.codehaus.groovy.runtime.metaclass.ClosureMetaClass.invokeMethod(ClosureMetaClass.java:272)
	at groovy.lang.MetaClassImpl.invokeMethod(MetaClassImpl.java:909)
	at groovy.lang.Closure.call(Closure.java:411)
	at org.codehaus.groovy.runtime.ConvertedMap.invokeCustom(ConvertedMap.java:50)
	at org.codehaus.groovy.runtime.ConversionHandler.invoke(ConversionHandler.java:81)
	at com.sun.proxy.$Proxy9.execute(Unknown Source)
	at repast.simphony.engine.schedule.DefaultAction.execute(DefaultAction.java:38)
	at repast.simphony.engine.schedule.ScheduleGroup.executeList(ScheduleGroup.java:206)
	at repast.simphony.engine.schedule.ScheduleGroup.execute(ScheduleGroup.java:231)
	at repast.simphony.engine.schedule.Schedule.execute(Schedule.java:352)
	at repast.simphony.ui.GUIScheduleRunner$ScheduleLoopRunnable.run(GUIScheduleRunner.java:52)
	at java.lang.Thread.run(Unknown Source)
FATAL [Thread-8] 2014-11-13 09:56:05,727 repast.simphony.ui.GUIScheduleRunner - RunTimeException when running the schedule
Current tick (1.0)
java.lang.NullPointerException: Cannot invoke method Remaining hosts() on null object
	at org.codehaus.groovy.runtime.NullObject.invokeMethod(NullObject.java:77)
	at org.codehaus.groovy.runtime.InvokerHelper.invokePogoMethod(InvokerHelper.java:854)
	at org.codehaus.groovy.runtime.InvokerHelper.invokeMethod(InvokerHelper.java:831)
	at org.codehaus.groovy.runtime.ScriptBytecodeAdapter.invokeMethodN(ScriptBytecodeAdapter.java:164)
	at org.codehaus.groovy.runtime.ScriptBytecodeAdapter.invokeMethod0(ScriptBytecodeAdapter.java:185)
	at repast.simphony.relogo.factories.ReLogoGlobalsAndPanelComponentsFactory$_createMonitor_closure5.doCall(ReLogoGlobalsAndPanelComponentsFactory.groovy:126)
	at sun.reflect.NativeMethodAccessorImpl.invoke0(Native Method)
	at sun.reflect.NativeMethodAccessorImpl.invoke(Unknown Source)
	at sun.reflect.DelegatingMethodAccessorImpl.invoke(Unknown Source)
	at java.lang.reflect.Method.invoke(Unknown Source)
	at org.codehaus.groovy.reflection.CachedMethod.invoke(CachedMethod.java:90)
	at groovy.lang.MetaMethod.doMethodInvoke(MetaMethod.java:233)
	at org.codehaus.groovy.runtime.metaclass.ClosureMetaClass.invokeMethod(ClosureMetaClass.java:272)
	at groovy.lang.MetaClassImpl.invokeMethod(MetaClassImpl.java:909)
	at groovy.lang.Closure.call(Closure.java:411)
	at org.codehaus.groovy.runtime.ConvertedMap.invokeCustom(ConvertedMap.java:50)
	at org.codehaus.groovy.runtime.ConversionHandler.invoke(ConversionHandler.java:81)
	at com.sun.proxy.$Proxy9.execute(Unknown Source)
	at repast.simphony.engine.schedule.DefaultAction.execute(DefaultAction.java:38)
	at repast.simphony.engine.schedule.ScheduleGroup.executeList(ScheduleGroup.java:206)
	at repast.simphony.engine.schedule.ScheduleGroup.execute(ScheduleGroup.java:231)
	at repast.simphony.engine.schedule.Schedule.execute(Schedule.java:352)
	at repast.simphony.ui.GUIScheduleRunner$ScheduleLoopRunnable.run(GUIScheduleRunner.java:52)
	at java.lang.Thread.run(Unknown Source)
FATAL [Thread-8] 2014-11-13 09:58:55,068 repast.simphony.ui.GUIScheduleRunner - RunTimeException when running the schedule
Current tick (1.0)
java.lang.NullPointerException: Cannot invoke method Remaining hosts() on null object
	at org.codehaus.groovy.runtime.NullObject.invokeMethod(NullObject.java:77)
	at org.codehaus.groovy.runtime.InvokerHelper.invokePogoMethod(InvokerHelper.java:854)
	at org.codehaus.groovy.runtime.InvokerHelper.invokeMethod(InvokerHelper.java:831)
	at org.codehaus.groovy.runtime.ScriptBytecodeAdapter.invokeMethodN(ScriptBytecodeAdapter.java:164)
	at org.codehaus.groovy.runtime.ScriptBytecodeAdapter.invokeMethod0(ScriptBytecodeAdapter.java:185)
	at repast.simphony.relogo.factories.ReLogoGlobalsAndPanelComponentsFactory$_createMonitor_closure5.doCall(ReLogoGlobalsAndPanelComponentsFactory.groovy:126)
	at sun.reflect.NativeMethodAccessorImpl.invoke0(Native Method)
	at sun.reflect.NativeMethodAccessorImpl.invoke(Unknown Source)
	at sun.reflect.DelegatingMethodAccessorImpl.invoke(Unknown Source)
	at java.lang.reflect.Method.invoke(Unknown Source)
	at org.codehaus.groovy.reflection.CachedMethod.invoke(CachedMethod.java:90)
	at groovy.lang.MetaMethod.doMethodInvoke(MetaMethod.java:233)
	at org.codehaus.groovy.runtime.metaclass.ClosureMetaClass.invokeMethod(ClosureMetaClass.java:272)
	at groovy.lang.MetaClassImpl.invokeMethod(MetaClassImpl.java:909)
	at groovy.lang.Closure.call(Closure.java:411)
	at org.codehaus.groovy.runtime.ConvertedMap.invokeCustom(ConvertedMap.java:50)
	at org.codehaus.groovy.runtime.ConversionHandler.invoke(ConversionHandler.java:81)
	at com.sun.proxy.$Proxy9.execute(Unknown Source)
	at repast.simphony.engine.schedule.DefaultAction.execute(DefaultAction.java:38)
	at repast.simphony.engine.schedule.ScheduleGroup.executeList(ScheduleGroup.java:206)
	at repast.simphony.engine.schedule.ScheduleGroup.execute(ScheduleGroup.java:231)
	at repast.simphony.engine.schedule.Schedule.execute(Schedule.java:352)
	at repast.simphony.ui.GUIScheduleRunner$ScheduleLoopRunnable.run(GUIScheduleRunner.java:52)
	at java.lang.Thread.run(Unknown Source)
FATAL [Thread-9] 2014-11-13 09:59:25,426 repast.simphony.ui.GUIScheduleRunner - RunTimeException when running the schedule
Current tick (1.0)
java.lang.NullPointerException: Cannot invoke method Remaining hosts() on null object
	at org.codehaus.groovy.runtime.NullObject.invokeMethod(NullObject.java:77)
	at org.codehaus.groovy.runtime.InvokerHelper.invokePogoMethod(InvokerHelper.java:854)
	at org.codehaus.groovy.runtime.InvokerHelper.invokeMethod(InvokerHelper.java:831)
	at org.codehaus.groovy.runtime.ScriptBytecodeAdapter.invokeMethodN(ScriptBytecodeAdapter.java:164)
	at org.codehaus.groovy.runtime.ScriptBytecodeAdapter.invokeMethod0(ScriptBytecodeAdapter.java:185)
	at repast.simphony.relogo.factories.ReLogoGlobalsAndPanelComponentsFactory$_createMonitor_closure5.doCall(ReLogoGlobalsAndPanelComponentsFactory.groovy:126)
	at sun.reflect.NativeMethodAccessorImpl.invoke0(Native Method)
	at sun.reflect.NativeMethodAccessorImpl.invoke(Unknown Source)
	at sun.reflect.DelegatingMethodAccessorImpl.invoke(Unknown Source)
	at java.lang.reflect.Method.invoke(Unknown Source)
	at org.codehaus.groovy.reflection.CachedMethod.invoke(CachedMethod.java:90)
	at groovy.lang.MetaMethod.doMethodInvoke(MetaMethod.java:233)
	at org.codehaus.groovy.runtime.metaclass.ClosureMetaClass.invokeMethod(ClosureMetaClass.java:272)
	at groovy.lang.MetaClassImpl.invokeMethod(MetaClassImpl.java:909)
	at groovy.lang.Closure.call(Closure.java:411)
	at org.codehaus.groovy.runtime.ConvertedMap.invokeCustom(ConvertedMap.java:50)
	at org.codehaus.groovy.runtime.ConversionHandler.invoke(ConversionHandler.java:81)
	at com.sun.proxy.$Proxy9.execute(Unknown Source)
	at repast.simphony.engine.schedule.DefaultAction.execute(DefaultAction.java:38)
	at repast.simphony.engine.schedule.ScheduleGroup.executeList(ScheduleGroup.java:206)
	at repast.simphony.engine.schedule.ScheduleGroup.execute(ScheduleGroup.java:231)
	at repast.simphony.engine.schedule.Schedule.execute(Schedule.java:352)
	at repast.simphony.ui.GUIScheduleRunner$ScheduleLoopRunnable.run(GUIScheduleRunner.java:52)
	at java.lang.Thread.run(Unknown Source)
