2014-11-12 08:48:05,439 - SimpleLog4JLogSystem initialized using logfile 'velocity.log'
2014-11-12 08:48:05,439 - ************************************************************** 
2014-11-12 08:48:05,439 - Starting Jakarta Velocity v1.4
2014-11-12 08:48:05,439 - RuntimeInstance initializing.
2014-11-12 08:48:05,440 - Default Properties File: org\apache\velocity\runtime\defaults\velocity.properties
2014-11-12 08:48:05,440 - Trying to use logger class org.apache.velocity.runtime.log.SimpleLog4JLogSystem
2014-11-12 08:48:05,440 - Using logger class org.apache.velocity.runtime.log.SimpleLog4JLogSystem
2014-11-12 08:48:05,445 - Default ResourceManager initializing. (class org.apache.velocity.runtime.resource.ResourceManagerImpl)
2014-11-12 08:48:05,450 - Resource Loader Instantiated: org.apache.velocity.runtime.resource.loader.ClasspathResourceLoader
2014-11-12 08:48:05,451 - ClasspathResourceLoader : initialization starting.
2014-11-12 08:48:05,451 - ClasspathResourceLoader : initialization complete.
2014-11-12 08:48:05,454 - ResourceCache : initialized. (class org.apache.velocity.runtime.resource.ResourceCacheImpl)
2014-11-12 08:48:05,454 - Default ResourceManager initialization complete.
2014-11-12 08:48:05,459 - Loaded System Directive: org.apache.velocity.runtime.directive.Literal
2014-11-12 08:48:05,462 - Loaded System Directive: org.apache.velocity.runtime.directive.Macro
2014-11-12 08:48:05,467 - Loaded System Directive: org.apache.velocity.runtime.directive.Parse
2014-11-12 08:48:05,471 - Loaded System Directive: org.apache.velocity.runtime.directive.Include
2014-11-12 08:48:05,473 - Loaded System Directive: org.apache.velocity.runtime.directive.Foreach
2014-11-12 08:48:05,523 - Created: 20 parsers.
2014-11-12 08:48:05,538 - Velocimacro : initialization starting.
2014-11-12 08:48:05,538 - Velocimacro : adding VMs from VM library template : VM_global_library.vm
2014-11-12 08:48:05,548 - ResourceManager : unable to find resource 'VM_global_library.vm' in any resource loader.
2014-11-12 08:48:05,548 - Velocimacro : error using  VM library template VM_global_library.vm : org.apache.velocity.exception.ResourceNotFoundException: Unable to find resource 'VM_global_library.vm'
2014-11-12 08:48:05,548 - Velocimacro :  VM library template macro registration complete.
2014-11-12 08:48:05,548 - Velocimacro : allowInline = true : VMs can be defined inline in templates
2014-11-12 08:48:05,549 - Velocimacro : allowInlineToOverride = false : VMs defined inline may NOT replace previous VM definitions
2014-11-12 08:48:05,549 - Velocimacro : allowInlineLocal = false : VMs defined inline will be  global in scope if allowed.
2014-11-12 08:48:05,549 - Velocimacro : messages on  : VM system will output logging messages
2014-11-12 08:48:05,549 - Velocimacro : autoload off  : VM system will not automatically reload global library macros
2014-11-12 08:48:05,549 - Velocimacro : initialization complete.
2014-11-12 08:48:05,549 - Velocity successfully started.
2014-11-13 09:30:55,325 - SimpleLog4JLogSystem initialized using logfile 'velocity.log'
2014-11-13 09:30:55,340 - ************************************************************** 
2014-11-13 09:30:55,340 - Starting Jakarta Velocity v1.4
2014-11-13 09:30:55,340 - RuntimeInstance initializing.
2014-11-13 09:30:55,340 - Default Properties File: org\apache\velocity\runtime\defaults\velocity.properties
2014-11-13 09:30:55,340 - Trying to use logger class org.apache.velocity.runtime.log.SimpleLog4JLogSystem
2014-11-13 09:30:55,340 - Using logger class org.apache.velocity.runtime.log.SimpleLog4JLogSystem
2014-11-13 09:30:55,356 - Default ResourceManager initializing. (class org.apache.velocity.runtime.resource.ResourceManagerImpl)
2014-11-13 09:30:55,356 - Resource Loader Instantiated: org.apache.velocity.runtime.resource.loader.ClasspathResourceLoader
2014-11-13 09:30:55,356 - ClasspathResourceLoader : initialization starting.
2014-11-13 09:30:55,356 - ClasspathResourceLoader : initialization complete.
2014-11-13 09:30:55,356 - ResourceCache : initialized. (class org.apache.velocity.runtime.resource.ResourceCacheImpl)
2014-11-13 09:30:55,356 - Default ResourceManager initialization complete.
2014-11-13 09:30:55,356 - Loaded System Directive: org.apache.velocity.runtime.directive.Literal
2014-11-13 09:30:55,372 - Loaded System Directive: org.apache.velocity.runtime.directive.Macro
2014-11-13 09:30:55,403 - Loaded System Directive: org.apache.velocity.runtime.directive.Parse
2014-11-13 09:30:55,418 - Loaded System Directive: org.apache.velocity.runtime.directive.Include
2014-11-13 09:30:55,418 - Loaded System Directive: org.apache.velocity.runtime.directive.Foreach
2014-11-13 09:30:55,481 - Created: 20 parsers.
2014-11-13 09:30:55,496 - Velocimacro : initialization starting.
2014-11-13 09:30:55,496 - Velocimacro : adding VMs from VM library template : VM_global_library.vm
2014-11-13 09:30:55,512 - ResourceManager : unable to find resource 'VM_global_library.vm' in any resource loader.
2014-11-13 09:30:55,512 - Velocimacro : error using  VM library template VM_global_library.vm : org.apache.velocity.exception.ResourceNotFoundException: Unable to find resource 'VM_global_library.vm'
2014-11-13 09:30:55,512 - Velocimacro :  VM library template macro registration complete.
2014-11-13 09:30:55,512 - Velocimacro : allowInline = true : VMs can be defined inline in templates
2014-11-13 09:30:55,512 - Velocimacro : allowInlineToOverride = false : VMs defined inline may NOT replace previous VM definitions
2014-11-13 09:30:55,512 - Velocimacro : allowInlineLocal = false : VMs defined inline will be  global in scope if allowed.
2014-11-13 09:30:55,512 - Velocimacro : messages on  : VM system will output logging messages
2014-11-13 09:30:55,512 - Velocimacro : autoload off  : VM system will not automatically reload global library macros
2014-11-13 09:30:55,512 - Velocimacro : initialization complete.
2014-11-13 09:30:55,512 - Velocity successfully started.
2014-11-13 09:55:44,370 - SimpleLog4JLogSystem initialized using logfile 'velocity.log'
2014-11-13 09:55:44,370 - ************************************************************** 
2014-11-13 09:55:44,370 - Starting Jakarta Velocity v1.4
2014-11-13 09:55:44,370 - RuntimeInstance initializing.
2014-11-13 09:55:44,370 - Default Properties File: org\apache\velocity\runtime\defaults\velocity.properties
2014-11-13 09:55:44,370 - Trying to use logger class org.apache.velocity.runtime.log.SimpleLog4JLogSystem
2014-11-13 09:55:44,370 - Using logger class org.apache.velocity.runtime.log.SimpleLog4JLogSystem
2014-11-13 09:55:44,386 - Default ResourceManager initializing. (class org.apache.velocity.runtime.resource.ResourceManagerImpl)
2014-11-13 09:55:44,386 - Resource Loader Instantiated: org.apache.velocity.runtime.resource.loader.ClasspathResourceLoader
2014-11-13 09:55:44,386 - ClasspathResourceLoader : initialization starting.
2014-11-13 09:55:44,386 - ClasspathResourceLoader : initialization complete.
2014-11-13 09:55:44,386 - ResourceCache : initialized. (class org.apache.velocity.runtime.resource.ResourceCacheImpl)
2014-11-13 09:55:44,386 - Default ResourceManager initialization complete.
2014-11-13 09:55:44,401 - Loaded System Directive: org.apache.velocity.runtime.directive.Literal
2014-11-13 09:55:44,401 - Loaded System Directive: org.apache.velocity.runtime.directive.Macro
2014-11-13 09:55:44,401 - Loaded System Directive: org.apache.velocity.runtime.directive.Parse
2014-11-13 09:55:44,417 - Loaded System Directive: org.apache.velocity.runtime.directive.Include
2014-11-13 09:55:44,417 - Loaded System Directive: org.apache.velocity.runtime.directive.Foreach
2014-11-13 09:55:44,464 - Created: 20 parsers.
2014-11-13 09:55:44,479 - Velocimacro : initialization starting.
2014-11-13 09:55:44,479 - Velocimacro : adding VMs from VM library template : VM_global_library.vm
2014-11-13 09:55:44,495 - ResourceManager : unable to find resource 'VM_global_library.vm' in any resource loader.
2014-11-13 09:55:44,495 - Velocimacro : error using  VM library template VM_global_library.vm : org.apache.velocity.exception.ResourceNotFoundException: Unable to find resource 'VM_global_library.vm'
2014-11-13 09:55:44,495 - Velocimacro :  VM library template macro registration complete.
2014-11-13 09:55:44,495 - Velocimacro : allowInline = true : VMs can be defined inline in templates
2014-11-13 09:55:44,495 - Velocimacro : allowInlineToOverride = false : VMs defined inline may NOT replace previous VM definitions
2014-11-13 09:55:44,495 - Velocimacro : allowInlineLocal = false : VMs defined inline will be  global in scope if allowed.
2014-11-13 09:55:44,495 - Velocimacro : messages on  : VM system will output logging messages
2014-11-13 09:55:44,495 - Velocimacro : autoload off  : VM system will not automatically reload global library macros
2014-11-13 09:55:44,495 - Velocimacro : initialization complete.
2014-11-13 09:55:44,495 - Velocity successfully started.
2014-11-13 09:58:30,014 - SimpleLog4JLogSystem initialized using logfile 'velocity.log'
2014-11-13 09:58:30,014 - ************************************************************** 
2014-11-13 09:58:30,014 - Starting Jakarta Velocity v1.4
2014-11-13 09:58:30,014 - RuntimeInstance initializing.
2014-11-13 09:58:30,014 - Default Properties File: org\apache\velocity\runtime\defaults\velocity.properties
2014-11-13 09:58:30,014 - Trying to use logger class org.apache.velocity.runtime.log.SimpleLog4JLogSystem
2014-11-13 09:58:30,014 - Using logger class org.apache.velocity.runtime.log.SimpleLog4JLogSystem
2014-11-13 09:58:30,030 - Default ResourceManager initializing. (class org.apache.velocity.runtime.resource.ResourceManagerImpl)
2014-11-13 09:58:30,030 - Resource Loader Instantiated: org.apache.velocity.runtime.resource.loader.ClasspathResourceLoader
2014-11-13 09:58:30,030 - ClasspathResourceLoader : initialization starting.
2014-11-13 09:58:30,030 - ClasspathResourceLoader : initialization complete.
2014-11-13 09:58:30,030 - ResourceCache : initialized. (class org.apache.velocity.runtime.resource.ResourceCacheImpl)
2014-11-13 09:58:30,030 - Default ResourceManager initialization complete.
2014-11-13 09:58:30,030 - Loaded System Directive: org.apache.velocity.runtime.directive.Literal
2014-11-13 09:58:30,045 - Loaded System Directive: org.apache.velocity.runtime.directive.Macro
2014-11-13 09:58:30,045 - Loaded System Directive: org.apache.velocity.runtime.directive.Parse
2014-11-13 09:58:30,045 - Loaded System Directive: org.apache.velocity.runtime.directive.Include
2014-11-13 09:58:30,045 - Loaded System Directive: org.apache.velocity.runtime.directive.Foreach
2014-11-13 09:58:30,108 - Created: 20 parsers.
2014-11-13 09:58:30,123 - Velocimacro : initialization starting.
2014-11-13 09:58:30,123 - Velocimacro : adding VMs from VM library template : VM_global_library.vm
2014-11-13 09:58:30,123 - ResourceManager : unable to find resource 'VM_global_library.vm' in any resource loader.
2014-11-13 09:58:30,123 - Velocimacro : error using  VM library template VM_global_library.vm : org.apache.velocity.exception.ResourceNotFoundException: Unable to find resource 'VM_global_library.vm'
2014-11-13 09:58:30,123 - Velocimacro :  VM library template macro registration complete.
2014-11-13 09:58:30,123 - Velocimacro : allowInline = true : VMs can be defined inline in templates
2014-11-13 09:58:30,123 - Velocimacro : allowInlineToOverride = false : VMs defined inline may NOT replace previous VM definitions
2014-11-13 09:58:30,123 - Velocimacro : allowInlineLocal = false : VMs defined inline will be  global in scope if allowed.
2014-11-13 09:58:30,123 - Velocimacro : messages on  : VM system will output logging messages
2014-11-13 09:58:30,123 - Velocimacro : autoload off  : VM system will not automatically reload global library macros
2014-11-13 09:58:30,123 - Velocimacro : initialization complete.
2014-11-13 09:58:30,123 - Velocity successfully started.
